[15-Jan-2026 14:47:58 Europe/Moscow] [2026-01-15 14:47:58] EXCEPTION: Call to undefined function json_out() in D:\OpenServer\domains\crm2026\modules\users\assets\php\handler.php:145
#0 D:\OpenServer\domains\crm2026\adm\index.php(110): require_once()
#1 {main}


[15-Jan-2026 14:48:07 Europe/Moscow] [2026-01-15 14:48:07] EXCEPTION: Call to undefined function json_out() in D:\OpenServer\domains\crm2026\modules\users\assets\php\handler.php:145
#0 D:\OpenServer\domains\crm2026\adm\index.php(110): require_once()
#1 {main}


[15-Jan-2026 15:09:27 Europe/Moscow] [2026-01-15 15:09:27] EXCEPTION: There is already an active transaction in D:\OpenServer\domains\crm2026\modules\users\lib\service.php:54
#0 D:\OpenServer\domains\crm2026\modules\users\lib\service.php(54): PDO->beginTransaction()
#1 D:\OpenServer\domains\crm2026\modules\users\lib\service.php(147): users_set_role()
#2 D:\OpenServer\domains\crm2026\modules\users\assets\php\handler.php(100): users_create()
#3 D:\OpenServer\domains\crm2026\adm\index.php(110): require_once('D:\\OpenServer\\d...')
#4 {main}


[21-Jan-2026 08:46:08 Europe/Moscow] [2026-01-21 08:46:08] PHP_ERROR 2: Cannot modify header information - headers already sent by (output started at /var/www/u0589068/gen2.fastycrm.ru/adm/index.php:150) in /var/www/u0589068/gen2.fastycrm.ru/core/response.php:29

[21-Jan-2026 08:46:08 Europe/Moscow] PHP Warning:  Cannot modify header information - headers already sent by (output started at /var/www/u0589068/gen2.fastycrm.ru/adm/index.php:150) in /var/www/u0589068/gen2.fastycrm.ru/core/response.php on line 29
[21-Jan-2026 08:47:00 Europe/Moscow] [2026-01-21 08:47:00] PHP_ERROR 2: Cannot modify header information - headers already sent by (output started at /var/www/u0589068/gen2.fastycrm.ru/adm/index.php:150) in /var/www/u0589068/gen2.fastycrm.ru/core/response.php:29

[21-Jan-2026 08:47:00 Europe/Moscow] PHP Warning:  Cannot modify header information - headers already sent by (output started at /var/www/u0589068/gen2.fastycrm.ru/adm/index.php:150) in /var/www/u0589068/gen2.fastycrm.ru/core/response.php on line 29
[21-Jan-2026 08:47:08 Europe/Moscow] [2026-01-21 08:47:08] PHP_ERROR 2: Cannot modify header information - headers already sent by (output started at /var/www/u0589068/gen2.fastycrm.ru/adm/index.php:150) in /var/www/u0589068/gen2.fastycrm.ru/core/response.php:29

[21-Jan-2026 08:47:08 Europe/Moscow] PHP Warning:  Cannot modify header information - headers already sent by (output started at /var/www/u0589068/gen2.fastycrm.ru/adm/index.php:150) in /var/www/u0589068/gen2.fastycrm.ru/core/response.php on line 29
[21-Jan-2026 08:47:20 Europe/Moscow] [2026-01-21 08:47:20] PHP_ERROR 2: Cannot modify header information - headers already sent by (output started at /var/www/u0589068/gen2.fastycrm.ru/adm/index.php:150) in /var/www/u0589068/gen2.fastycrm.ru/core/response.php:29

[21-Jan-2026 08:47:20 Europe/Moscow] PHP Warning:  Cannot modify header information - headers already sent by (output started at /var/www/u0589068/gen2.fastycrm.ru/adm/index.php:150) in /var/www/u0589068/gen2.fastycrm.ru/core/response.php on line 29
[22-Jan-2026 14:53:33 Europe/Moscow] [2026-01-22 14:53:33] PHP_ERROR 2: Cannot modify header information - headers already sent by (output started at /var/www/u0589068/gen2.fastycrm.ru/adm/index.php:150) in /var/www/u0589068/gen2.fastycrm.ru/core/response.php:29

[22-Jan-2026 14:53:33 Europe/Moscow] PHP Warning:  Cannot modify header information - headers already sent by (output started at /var/www/u0589068/gen2.fastycrm.ru/adm/index.php:150) in /var/www/u0589068/gen2.fastycrm.ru/core/response.php on line 29
[22-Jan-2026 15:05:36 Europe/Moscow] [2026-01-22 15:05:36] EXCEPTION: Call to undefined function module_is_enabled() in /var/www/u0589068/gen2.fastycrm.ru/adm/index.php:53
#0 {main}


[22-Jan-2026 15:05:38 Europe/Moscow] [2026-01-22 15:05:38] EXCEPTION: Call to undefined function module_is_enabled() in /var/www/u0589068/gen2.fastycrm.ru/adm/index.php:53
#0 {main}


[22-Jan-2026 15:05:49 Europe/Moscow] [2026-01-22 15:05:49] EXCEPTION: Call to undefined function module_is_enabled() in /var/www/u0589068/gen2.fastycrm.ru/adm/index.php:53
#0 {main}


[22-Jan-2026 15:05:52 Europe/Moscow] [2026-01-22 15:05:52] EXCEPTION: Call to undefined function module_is_enabled() in /var/www/u0589068/gen2.fastycrm.ru/adm/index.php:53
#0 {main}


[22-Jan-2026 15:10:00 Europe/Moscow] PHP Fatal error:  Cannot redeclare module_is_enabled() (previously declared in /var/www/u0589068/gen2.fastycrm.ru/core/modules.php:137) in /var/www/u0589068/gen2.fastycrm.ru/core/modules.php on line 160
[22-Jan-2026 15:10:10 Europe/Moscow] PHP Fatal error:  Cannot redeclare module_is_enabled() (previously declared in /var/www/u0589068/gen2.fastycrm.ru/core/modules.php:137) in /var/www/u0589068/gen2.fastycrm.ru/core/modules.php on line 160
